pygame-ce 2.3.2 (SDL 2.26.5, Python 3.10.13)
103.83271269361529
94.32933831905484
83.7362581514536
64.69521663713533
53.620398249120626
115.93847988626877
92.59546777511542
73.92488123998527
38.41158544840019
60.800787843182036
56.80453729079383
92.56266746474935
69.86861734237254
72.71434568976139
95.8906963836746
64.99826262490387
77.27163019283776
66.93166764996263
68.70689895618736
85.87660558884431
76.75724088635437
67.7861962754958
76.58765355544102
91.92636231583717
66.43637692708955
70.67718642519534
70.8035056012364
90.3836186363911
63.667576013272964
80.77125163821916
96.93711119261417
59.68487638216996
38.27748344375203
67.39754025781164
87.4042641798307
43.62062157363867
74.40432205371087
87.37818341118049
80.88133330094328
46.9891889616126
53.71051012604323
61.203388259697334
57.19237258006078
46.91456903794065
101.85656948029899
68.88380194178393
73.74807825210206
75.83884397683642
79.05811907792346
59.93394462841226
53.37313167250619
89.40214134598773
44.57405004158369
42.02589453229771
81.21628716965455
59.80342249678915
100.60619808782397
57.94027538079277
62.67921860780058
60.718194119028965
84.8955521655163
98.44530458370522
89.40126671355995
82.28407166942245
52.83749312941325
40.86354202958981
83.9017664846503
82.63407309048003
77.6547670645576
44.81785429052155
70.62337312745109
56.495596374893466
52.52637801756603
56.71694376113024
83.7154922456281
56.23330949843265
56.9917462813676
68.28382404093051
71.01559428608206
67.31088285332052
67.3279325027452
73.43776303891045
52.75837916711012
108.43393949702383
79.69777707724455
67.63053647816864
58.20225461646271
56.735880590316185
44.70028596478457
75.38886708214034
107.34795529077832
104.35772825291005
43.67997425477492
55.849313423152125
71.7151047818015
65.95274341499962
90.3863171876886
58.17534258352853
89.64025480634007
54.68572380129433
71.39157727084825
63.78652859745938
64.74153188163555
77.88192096866169
54.84270041332965
48.39789743064446
93.64763704930115
53.657062311228145
59.95367733692839
50.650837942166675
44.532437147472535
82.18260782061682
53.88403293424494
66.92224557048678
71.2318207121096
78.42887932854558
78.87165361071001
70.79163224178572
63.52276347018284
71.96530130042285
79.89781876890652
53.37609148752581
74.66285324631349
59.93636287044782
48.51324962509733
62.73291554268229
100.732518077084
66.05836686572516
70.4233902650704
86.53383974855319
49.83450522788476
85.92456865962816
83.94082626409502
126.44936278919118
78.38335685701546
73.58438226044754
73.9160147038628
97.72257506996834
68.90297191520051
94.25849260239667
49.86581959449114
53.7124000290589
72.29697354231669
31.007134934804213
89.83742253976834
53.648634612136846
68.52277417540577
59.844116319901644
69.70722381616935
71.83728235381358
58.44399031435887
41.96798591776721
72.66566215226118
58.82069733156888
44.555267581634354
75.80984274442758
76.6781003633566
60.658607277837774
105.07339420395121
88.12223954774868
49.485298409818824
77.01685302283468
73.51536020942882
81.77455321279382
67.47358837000908
67.52526016789713
44.614099080190556
57.13581819433659
90.49990530944442
78.54291728929707
110.7533495700068
70.8794969578002
59.6615271655545
67.91743455462154
44.80190706395783
65.60162200192906
57.61940588411528
57.04760160260605
43.82634856483736
65.868509197333
54.77152423272821
90.39683867681089
62.81598266020421
41.934597725637616
93.48101438504963
70.80034824071589
57.811472029786444
74.45816124151176
67.2300144184575
56.584093597034666
47.08625960501871
62.353387443010064
93.042324855863
81.94640124621588
61.99994756417783
62.382376718831836
57.267925018170644
58.20498888510983
50.51027523095928
41.23904931444707
47.77825994280286
60.88977888652113
74.5768041880603
83.73101209226107
48.25758176244395
44.88572005999097
92.96695303295186
66.64264162119215
54.735595727912056
77.69824835599647
73.46091315500689
56.69857398847836
57.98523133930502
91.49462859824405
66.53466322162936
42.221104549770075
77.43301511083197
60.95271303719707
58.53809929140678
109.3834588170389
46.035281513869336
98.45342905937798
59.9916268565172
66.78597480229644
42.71357003019014
111.35264072417604
54.83991648563841
64.91506369298668
68.86880484575028
63.792309640208146
60.98147313787436
42.41158555700753
53.62858352557376
67.68262495540361
67.66314744581098
80.64534922996725
44.88916148358035
62.29400780214215
54.79309372354561
79.93636729145115
68.73268582874252
55.90161624940575
58.834331177108595
44.66200079115367
52.734017203018595
53.727725767246284
76.6659885226997
89.80673460949993
72.83086598115787
95.80291131308365
49.75647509843776
76.76300730514953
48.937845629142714
77.9287919385535
50.2495075707034
67.64135849267595
52.327600436805824
92.20361824903776
70.6994787314658
52.46789175711437
65.56598845819514
63.5221666322786
78.99343632902247
69.9887410797352
52.344643670091116
68.50568907071673
68.97917833025639
92.06380946735428
48.321651577718384
75.50450833787926
51.22934237531426
65.97902276447391
47.45091103480897
38.673612458471226
74.80707478214407
54.58325413056747
73.24098531854816
65.81436330169524
49.811272635736174
62.78238086085287
89.64710658428118
42.852237419935676
48.50302826506113
39.57294953545551
79.67946729215294
110.41274947593143
84.47480719940512
82.35519995773211
43.492272685913804
43.3093029279065
59.972382845498885
69.40326119294056
59.9319398479785
54.97756714136051
63.86767746754265
52.203265983906746
68.56454577714422
50.753223489029665
38.55712822185352
58.31658566092926
53.25020062854372
63.634099975562464
85.80517414611424
50.537518457077056
42.027676089679446
73.93016005080284
61.984232116339484
53.61010706706962
62.75892550049474
84.5347519338236
66.92275996160333
50.92510289345336
52.37592551435199
85.8503120807363
52.27951034727772
44.697979548101344
47.119579602016074
73.56194420121057
44.47251271228913
55.97090061678455
55.78778243233887
85.74223056649421
69.67438438484538
60.51045547502528
48.284264568406684
54.577127636371856
22.485781090509292
87.58563161373482
39.64670006438898
63.8553505594715
47.09325462262605
53.68643829901521
63.5235932157091
52.32054437305845
62.18827042659191
107.61363149379827
55.69326390132716
70.8938916955193
52.79741730192558
48.26981968484361
44.44906462633733
43.397595857643836
27.215326849864482
62.06454008601261
59.917324457245144
57.6065634729182
72.73839672693188
51.168000267749264
60.93927406542326
69.85570610025283
46.9725928781847
80.68102988230598
54.81723708753668
30.797749443651256
64.75568076042367
40.86144576757421
52.346609592895035
52.45813042001765
42.31817763843647
72.08564068622462
55.88417065928226
48.3020285918094
60.829246809602665
37.00036063783659
34.7422494094081
72.72702657280351
80.76652325475337
64.42321697513225
58.52998356161564
57.28952046852868
21.244826854184808
46.16973039093041
47.37844498099054
49.83390998965207
78.74895803171069
28.17875487307586
42.37872614933414
44.404882270501076
53.437393423012736
63.52249871388989
93.62584878379553
25.741975228594086
48.70438823466152
80.76499449820852
110.89701262405771
56.018669335699784
75.8397892019259
110.59261580685268
91.47127400438742
42.21193058390577
23.494383329728535
32.164721610585744
53.48593854949323
51.775452563343805
55.871128168082734
57.17401492083731
61.08343174095461
43.14763740108701
28.29027240660747
71.64217989843513
54.401815655872014
55.84374566088144
38.59437313760125
49.859590166289564
93.25816919056794
35.79750802284042
26.160590661922924
33.52899103556253
67.58392755761145
92.81435491652283
41.241717049984175
25.918478603667438
62.05674310844441
69.80973510923593
58.537181970493236
32.33207844841971
69.74363417272096
55.98953523069224
49.39091620075256
60.74839309080906
51.699632149226744
46.08912827339921
63.682594975905715
49.581189990773055
71.22842766700035
61.17607732176339
34.91011214697417
62.876758111469485
47.39832150068048
32.399505823806365
54.955900012170815
19.671245169582434
23.29224031227166
59.69124175014451
52.32668577277563
101.9044444778113
33.52535506300151
58.517186036890365
57.43979766738465
49.7698398395531
19.97175336350479
52.44468251659153
51.21854312431836
44.84159979204847
84.37498880003406
19.52364868558311
33.70426834945849
57.16304929354712
53.78839348182754
19.99709309524394
73.95348343409913
18.4698028725919
18.59177599464806
55.857611799207746
73.80892709303026
41.998599021572886
53.741960316565326
48.50133563408234
36.19586453040205
55.970480119323895
43.331036101659166
50.8459993535746
72.46389506470135
54.889377143616414
79.78830377649038
48.72093038145724
63.459720998347066
38.47559256450299
50.601226597074174
81.6728812910716
20.91607283773817
52.38417460314169
23.474012660201026
29.973607403872577
62.37570413379615
77.49922894667765
76.74355880489091
31.91058822328172
71.88251535826657
75.88585837432899
56.236408878717896
74.73128224476042
34.61067570507697
58.732183769815094
62.34118543236332
73.62323799427276
33.27195902180347
38.688200156936446
40.77205121017323
85.95578186498466
58.61531367063104
32.449705705249585
55.8581353357379
38.555793966430286
54.70366203089311
58.60121463505921
57.140344233780425
67.47663865447177
60.89447978026965
68.73484091259903
61.057846827943564
53.465123104500606
65.71030186132299
25.85566101901182
13.597202462546406
50.76928909749162
44.485044809190924
45.91486429697295
59.820655803317806
46.73902338981506
53.24249354699663
31.188834803275682
61.03048199739332
51.670313425092246
56.23830551980262
59.868605836847536
82.42126632335058
82.64117037204417
60.725797924930745
87.44509581615128
54.67095229016249
69.53309931084993
52.04836661098025
39.672358473236486
50.87637822820716
62.48796154550563
29.85327099851922
67.39082858386686
68.79690383010191
62.09076273415164
73.70754078112051
73.488007697005
48.32718160568609
37.0441850992552
60.75375974262815
48.78079220155857
41.245903689776526
29.58217449025129
56.9159977778024
64.1941119847668
58.151318082565496
76.98169927198865
44.80039138884578
52.41191541378012
61.133034320912685
59.857883318097066
63.28927613006573
68.39278830056472
65.75107310207898
100.9512661263901
87.59811951627981
62.01183623615208
40.88512683626942
39.885076241327994
79.46452275576118
81.8607563499034
59.93762379539474
96.7687749244551
93.18401313201898
81.96455432022066
47.445372920750316
71.23334589770502
57.31365993892287
31.0667346582902
61.107304255865515
71.14164439627288
64.86151223594715
73.67255888256258
51.9181461018906
110.66394709677385
58.729736857716745
59.96712069795248
75.9916645150791
48.66382759240325
58.978393480125305
27.050587995211274
58.561459815770036
50.99375537974288
22.24539029804737
99.95624875298668
75.95236949289068
48.46335645677436
48.63468003264626
82.23438957049211
42.20252329081549
60.73829511710019
58.524672032294546
59.56909005782114
51.021402462534354
79.88798175297595
51.90692042935879
53.437518792335155
39.86046459541096
66.72790000538242
59.80107473029976
45.89735309539137
19.756052713224562
51.17839559879421
38.647397690147756
66.00584862404031
49.938840567381774
39.97247858617854
61.15789371416591
87.85960697317103
32.09490694210599
34.85367626209889
54.72786238636556
43.83123075364418
53.87647321395448
34.77350125481169
33.362692095893024
60.900598398462705
29.724631944819905
50.832761603170994
55.797877826634476
42.16833597222991
66.91875464613338
53.75361025428893
47.70294833455449
49.66542515821476
47.23408211592542
42.181024314899716
29.907144475077885
80.74127281804945
63.598480883863715
24.616985827614656
67.83148330590569
43.601124615687425
78.82457496449473
31.945650474707563
90.95461619031215
52.686822214489496
66.83873653940111
73.44591291794808
51.063408890055996
43.82370881195422
68.55901444627446
44.72905464832368
42.45168087831705
57.11140924675314
22.050579024891363
49.88145980998297
73.78808768940004
77.2048827911083
33.50800120785756
37.230709502056214
53.644728617097456
21.196167259972484
33.47193689226526
65.97655405205685
82.6260250295044
68.7562703281038
51.71429301122075
92.30895210027785
62.10883072155079
58.30703335095879
29.968327069008822
34.59023686119993
78.53317031601642
59.75645271043888
48.23025887985571
87.79278652738364
64.91888590171348
47.45916553930108
52.59270034148082
47.281259860809385
46.933300100829385
53.75615012646145
66.64239922430795
64.721883354418
49.40780280369961
60.88850811684057
41.129481485869476
54.98055537582337
16.080129444201425
64.62808652633467
25.906250228247174
61.07324696067553
58.67480000364661
72.8633230127057
44.81412852737127
48.64548646230244
